  raster.cpp
C:\Users\Davi\source\chatroomserver\temp\temp\mesh.h(197,25): warning C4244: 'initializing': conversion from 'double' to 'float', possible loss of data
  (compiling source file 'raster.cpp')
  
C:\Users\Davi\source\chatroomserver\temp\temp\mesh.h(202,27): warning C4244: 'initializing': conversion from 'double' to 'float', possible loss of data
  (compiling source file 'raster.cpp')
  
C:\Program Files\Microsoft Visual Studio\2022\Community\VC\Tools\MSVC\14.42.34433\include\concepts(12): warning STL4038: The contents of <concepts> are available only with C++20 or later.
C:\Users\Davi\source\chatroomserver\temp\temp\zbuffer.h(8,15): error C2039: 'floating_point': is not a member of 'std'
  (compiling source file 'raster.cpp')
      C:\Program Files\Microsoft Visual Studio\2022\Community\VC\Tools\MSVC\14.42.34433\include\vector(29,1):
      see declaration of 'std'
  
C:\Users\Davi\source\chatroomserver\temp\temp\zbuffer.h(8,15): error C2061: syntax error: identifier 'floating_point'
  (compiling source file 'raster.cpp')
  
C:\Users\Davi\source\chatroomserver\temp\temp\zbuffer.h(9,7): error C2913: explicit specialization; 'Zbuffer' is not a specialization of a class template
  (compiling source file 'raster.cpp')
  
C:\Users\Davi\source\chatroomserver\temp\temp\renderer.h(16,20): error C2079: 'Renderer::zbuffer' uses undefined class 'Zbuffer'
  (compiling source file 'raster.cpp')
  
C:\Users\Davi\source\chatroomserver\temp\temp\renderer.h(11,30): warning C4305: 'initializing': truncation from 'double' to 'float'
  (compiling source file 'raster.cpp')
  
C:\Users\Davi\source\chatroomserver\temp\temp\triangle.h(123,33): error C2064: term does not evaluate to a function taking 2 arguments
  (compiling source file 'raster.cpp')
  
C:\Users\Davi\source\chatroomserver\temp\temp\triangle.h(132,33): error C2064: term does not evaluate to a function taking 2 arguments
  (compiling source file 'raster.cpp')
  
C:\Users\Davi\source\chatroomserver\temp\temp\raster.cpp(119,69): warning C4305: 'argument': truncation from 'double' to 'float'
C:\Users\Davi\source\chatroomserver\temp\temp\raster.cpp(120,69): warning C4305: 'argument': truncation from 'double' to 'float'
C:\Users\Davi\source\chatroomserver\temp\temp\raster.cpp(121,69): warning C4305: 'argument': truncation from 'double' to 'float'
