c:\users\davi\source\chatroomserver\chatroom_server\serverexample\x64\debug\vc143.pdb
c:\users\davi\source\chatroomserver\chatroom_server\serverexample\x64\debug\vc143.idb
c:\users\davi\source\chatroomserver\chatroom_server\serverexample\x64\debug\source.obj
c:\users\davi\source\chatroomserver\chatroom_server\serverexample\x64\debug\privateserver.obj
c:\users\davi\source\chatroomserver\chatroom_server\serverexample\x64\debug\serverexample.ilk
c:\users\davi\source\chatroomserver\chatroom_server\x64\debug\serverexample.pdb
c:\users\davi\source\chatroomserver\chatroom_server\serverexample\x64\debug\serverexample.tlog\cl.command.1.tlog
c:\users\davi\source\chatroomserver\chatroom_server\serverexample\x64\debug\serverexample.tlog\cl.items.tlog
c:\users\davi\source\chatroomserver\chatroom_server\serverexample\x64\debug\serverexample.tlog\cl.read.1.tlog
c:\users\davi\source\chatroomserver\chatroom_server\serverexample\x64\debug\serverexample.tlog\cl.write.1.tlog
c:\users\davi\source\chatroomserver\chatroom_server\serverexample\x64\debug\serverexample.tlog\link.30000-cvtres.read.1.tlog
c:\users\davi\source\chatroomserver\chatroom_server\serverexample\x64\debug\serverexample.tlog\link.30000-cvtres.write.1.tlog
c:\users\davi\source\chatroomserver\chatroom_server\serverexample\x64\debug\serverexample.tlog\link.30000-rc.read.1.tlog
c:\users\davi\source\chatroomserver\chatroom_server\serverexample\x64\debug\serverexample.tlog\link.30000-rc.write.1.tlog
c:\users\davi\source\chatroomserver\chatroom_server\serverexample\x64\debug\serverexample.tlog\link.30000.read.1.tlog
c:\users\davi\source\chatroomserver\chatroom_server\serverexample\x64\debug\serverexample.tlog\link.30000.read.2.tlog
c:\users\davi\source\chatroomserver\chatroom_server\serverexample\x64\debug\serverexample.tlog\link.30000.read.3.tlog
c:\users\davi\source\chatroomserver\chatroom_server\serverexample\x64\debug\serverexample.tlog\link.30000.read.4.tlog
c:\users\davi\source\chatroomserver\chatroom_server\serverexample\x64\debug\serverexample.tlog\link.30000.write.1.tlog
c:\users\davi\source\chatroomserver\chatroom_server\serverexample\x64\debug\serverexample.tlog\link.command.1.tlog
c:\users\davi\source\chatroomserver\chatroom_server\serverexample\x64\debug\serverexample.tlog\link.read.1.tlog
c:\users\davi\source\chatroomserver\chatroom_server\serverexample\x64\debug\serverexample.tlog\link.secondary.1.tlog
c:\users\davi\source\chatroomserver\chatroom_server\serverexample\x64\debug\serverexample.tlog\link.write.1.tlog
